#
# A fatal error has been detected by the Java Runtime Environment:
#
#  EXCEPTION_ACCESS_VIOLATION (0xc0000005) at pc=0x000000005709e121, pid=7204, tid=5128
#
# JRE version: Java(TM) SE Runtime Environment (8.0_40-b26) (build 1.8.0_40-b26)
# Java VM: Java HotSpot(TM) 64-Bit Server VM (25.40-b25 mixed mode windows-amd64 compressed oops)
# Problematic frame:
# V  [jvm.dll+0x12e121]
#
# Failed to write core dump. Minidumps are not enabled by default on client versions of Windows
#
# If you would like to submit a bug report, please visit:
#   http://bugreport.java.com/bugreport/crash.jsp
#

---------------  T H R E A D  ---------------

Current thread (0x0000000056c4a800):  VMThread [stack: 0x0000000058d70000,0x0000000058e70000] [id=5128]

siginfo: ExceptionCode=0xc0000005, reading address 0x0000000000000018

Registers:
RAX=0x00000000625dc770, RBX=0x0000000057c3b1e8, RCX=0x0000000000000000, RDX=0x0000000057733540
RSP=0x0000000058e6ed50, RBP=0x0000000057c3b228, RSI=0x0000000000000000, RDI=0x0000000000000000
R8 =0x0000000000000000, R9 =0x000000005ae0f7b0, R10=0x00000000000001fe, R11=0x0000000058e6eeb8
R12=0x0000000057733540, R13=0x0000000057546fc8, R14=0x00000000575686d0, R15=0x0000000057733470
RIP=0x000000005709e121, EFLAGS=0x0000000000010202

Top of Stack: (sp=0x0000000058e6ed50)
0x0000000058e6ed50:   0000000057c3b1e8 0000000000000000
0x0000000058e6ed60:   0000000002160080 0000000002160250
0x0000000058e6ed70:   000000005aec0e70 000000005718309d
0x0000000058e6ed80:   0000000056c4a800 0000000057267f6e
0x0000000058e6ed90:   0000000000000002 000000005703f65e
0x0000000058e6eda0:   0000000056cb0290 000000005718309d
0x0000000058e6edb0:   0000000000000000 000000005703b9e7
0x0000000058e6edc0:   0000000057733470 00000000575686d0
0x0000000058e6edd0:   0000000000000005 000000005776d7f8
0x0000000058e6ede0:   0000000000000ff8 0000000000000ff8
0x0000000058e6edf0:   0000000000000000 000000006dd38d17
0x0000000058e6ee00:   0000000000000003 0000000000000ff8
0x0000000058e6ee10:   0000000000002000 0000000056fffb6a
0x0000000058e6ee20:   000000005ae0f7b0 000000005705ac1b
0x0000000058e6ee30:   0000000000000005 0000000000000ff8
0x0000000058e6ee40:   000000000000f000 0000000003058410 

Instructions: (pc=0x000000005709e121)
0x000000005709e101:   ff 48 85 c0 74 07 48 89 58 08 4c 89 28 48 8b 40
0x000000005709e111:   08 49 8b d4 48 8b 48 08 48 8b 41 08 48 8b 48 08
0x000000005709e121:   48 8b 49 18 e8 56 55 ff ff 84 c0 75 13 48 8b cb
0x000000005709e131:   e8 5a f4 ff ff 48 2b c3 48 c1 f8 03 03 f0 eb 60 


Register to memory mapping:

RAX=0x00000000625dc770 is pointing into metadata
RBX=0x0000000057c3b1e8 is pointing into metadata
RCX=0x0000000000000000 is an unknown value
RDX=0x0000000057733540 is an unknown value
RSP=0x0000000058e6ed50 is an unknown value
RBP=0x0000000057c3b228 is pointing into metadata
RSI=0x0000000000000000 is an unknown value
RDI=0x0000000000000000 is an unknown value
R8 =0x0000000000000000 is an unknown value
R9 =0x000000005ae0f7b0 is an unknown value
R10=0x00000000000001fe is an unknown value
R11=0x0000000058e6eeb8 is an unknown value
R12=0x0000000057733540 is an unknown value
R13=0x0000000057546fc8 is an unknown value
R14=0x00000000575686d0 is an unknown value
R15=0x0000000057733470 is an unknown value


Stack: [0x0000000058d70000,0x0000000058e70000],  sp=0x0000000058e6ed50,  free space=1019k
Native frames: (J=compiled Java code, j=interpreted, Vv=VM code, C=native code)
V  [jvm.dll+0x12e121]
V  [jvm.dll+0x105a66]
V  [jvm.dll+0x1247a7]
V  [jvm.dll+0x3f59ef]
V  [jvm.dll+0x3f6d6a]
V  [jvm.dll+0x3fad0f]
V  [jvm.dll+0x3ea9a4]
V  [jvm.dll+0x3fd2a6]
V  [jvm.dll+0x247e97]
V  [jvm.dll+0x247136]
V  [jvm.dll+0x2475d1]
V  [jvm.dll+0x2477ee]
V  [jvm.dll+0x29848a]
C  [msvcr100.dll+0x21d9f]
C  [msvcr100.dll+0x21e3b]
C  [kernel32.dll+0x159cd]
C  [ntdll.dll+0x2b981]

VM_Operation (0x0000000063bcf120): ParallelGCFailedAllocation, mode: safepoint, requested by thread 0x0000000063f5a000


---------------  P R O C E S S  ---------------

Java Threads: ( => current thread )
  0x0000000063f5a000 JavaThread "Thread-93" [_thread_blocked, id=5700, stack(0x0000000063ad0000,0x0000000063bd0000)]
  0x0000000063f5b800 JavaThread "Thread-92" [_thread_blocked, id=6380, stack(0x0000000063410000,0x0000000063510000)]
  0x0000000063f5d800 JavaThread "Thread-91" [_thread_blocked, id=7772, stack(0x0000000061710000,0x0000000061810000)]
  0x0000000063f5f000 JavaThread "Thread-90" [_thread_blocked, id=4484, stack(0x00000000620a0000,0x00000000621a0000)]
  0x0000000063f58800 JavaThread "Thread-89" [_thread_blocked, id=7732, stack(0x0000000063260000,0x0000000063360000)]
  0x000000005ab39800 JavaThread "Java Sound Event Dispatcher" daemon [_thread_blocked, id=7676, stack(0x0000000060910000,0x0000000060a10000)]
  0x000000005ab2a800 JavaThread "Audio Player" daemon [_thread_blocked, id=6276, stack(0x00000000600d0000,0x00000000601d0000)]
  0x000000005ab04800 JavaThread "D3D Screen Updater" daemon [_thread_blocked, id=8040, stack(0x000000005f3c0000,0x000000005f4c0000)]
  0x00000000598fc800 JavaThread "AWT-EventQueue-0" [_thread_blocked, id=7340, stack(0x000000005ed20000,0x000000005ee20000)]
  0x0000000059909000 JavaThread "AWT-Windows" daemon [_thread_blocked, id=8112, stack(0x000000005b6e0000,0x000000005b7e0000)]
  0x0000000059906800 JavaThread "AWT-Shutdown" [_thread_blocked, id=1048, stack(0x000000005b520000,0x000000005b620000)]
  0x0000000059903800 JavaThread "Java2D Disposer" daemon [_thread_blocked, id=7848, stack(0x000000005b310000,0x000000005b410000)]
  0x00000000595c6000 JavaThread "Service Thread" daemon [_thread_blocked, id=5736, stack(0x000000005a590000,0x000000005a690000)]
  0x000000005953f800 JavaThread "C1 CompilerThread2" daemon [_thread_blocked, id=5272, stack(0x000000005a690000,0x000000005a790000)]
  0x000000005953e000 JavaThread "C2 CompilerThread1" daemon [_thread_blocked, id=7612, stack(0x000000005a470000,0x000000005a570000)]
  0x000000005953a000 JavaThread "C2 CompilerThread0" daemon [_thread_blocked, id=7296, stack(0x000000005a270000,0x000000005a370000)]
  0x000000005952e800 JavaThread "JDWP Command Reader" daemon [_thread_blocked, id=8148, stack(0x000000005a0c0000,0x000000005a1c0000)]
  0x000000005952b800 JavaThread "JDWP Event Helper Thread" daemon [_thread_blocked, id=5144, stack(0x0000000059d70000,0x0000000059e70000)]
  0x0000000056cbf000 JavaThread "JDWP Transport Listener: dt_socket" daemon [_thread_blocked, id=2604, stack(0x0000000059f10000,0x000000005a010000)]
  0x0000000056cb5800 JavaThread "Attach Listener" daemon [_thread_blocked, id=7132, stack(0x00000000592e0000,0x00000000593e0000)]
  0x0000000056cb2000 JavaThread "Signal Dispatcher" daemon [_thread_blocked, id=5788, stack(0x0000000059420000,0x0000000059520000)]
  0x0000000056c57000 JavaThread "Finalizer" daemon [_thread_blocked, id=3148, stack(0x0000000059170000,0x0000000059270000)]
  0x0000000056c50000 JavaThread "Reference Handler" daemon [_thread_blocked, id=7868, stack(0x0000000058f80000,0x0000000059080000)]
  0x000000000229f800 JavaThread "main" [_thread_blocked, id=3568, stack(0x0000000002530000,0x0000000002630000)]

Other Threads:
=>0x0000000056c4a800 VMThread [stack: 0x0000000058d70000,0x0000000058e70000] [id=5128]
  0x00000000595c9000 WatcherThread [stack: 0x000000005a800000,0x000000005a900000] [id=8072]

VM state:at safepoint (normal execution)

VM Mutex/Monitor currently owned by a thread:  ([mutex/lock_event])
[0x000000000229c900] Threads_lock - owner thread: 0x0000000056c4a800
[0x000000000229ce00] Heap_lock - owner thread: 0x0000000063f5a000

Heap:
 PSYoungGen      total 379904K, used 16503K [0x00000000d6b00000, 0x00000000f7800000, 0x0000000100000000)
  eden space 323584K, 0% used [0x00000000d6b00000,0x00000000d6b00000,0x00000000ea700000)
  from space 56320K, 29% used [0x00000000ea700000,0x00000000eb71dec0,0x00000000ede00000)
  to   space 54272K, 0% used [0x00000000f4300000,0x00000000f4300000,0x00000000f7800000)
 ParOldGen       total 149504K, used 125116K [0x0000000084000000, 0x000000008d200000, 0x00000000d6b00000)
  object space 149504K, 83% used [0x0000000084000000,0x000000008ba2f3f0,0x000000008d200000)
 Metaspace       used 11078K, capacity 11352K, committed 11648K, reserved 1058816K
  class space    used 1222K, capacity 1299K, committed 1408K, reserved 1048576K

Card table byte_map: [0x0000000011cc0000,0x00000000120b0000] byte_map_base: 0x00000000118a0000

Marking Bits: (ParMarkBitMap*) 0x0000000057774040
 Begin Bits: [0x00000000128e0000, 0x00000000147e0000)
 End Bits:   [0x00000000147e0000, 0x00000000166e0000)

Polling page: 0x0000000000120000

CodeCache: size=245760Kb used=7414Kb max_used=7414Kb free=238345Kb
 bounds [0x0000000002900000, 0x0000000003080000, 0x0000000011900000]
 total_blobs=2332 nmethods=1853 adapters=399
 compilation: enabled

Compilation events (10 events):
Event: 390.124 Thread 0x000000005953f800 nmethod 2369 0x0000000002e6bd50 code [0x0000000002e6bec0, 0x0000000002e6c048]
Event: 391.202 Thread 0x000000005953f800 2370   !   3       java.lang.ref.Finalizer::add (41 bytes)
Event: 391.203 Thread 0x000000005953f800 nmethod 2370 0x0000000002cf39d0 code [0x0000000002cf3b40, 0x0000000002cf3ef0]
Event: 392.954 Thread 0x000000005953f800 2371  s    3       java.io.ByteArrayInputStream::read (101 bytes)
Event: 392.955 Thread 0x000000005953f800 nmethod 2371 0x0000000002dd8bd0 code [0x0000000002dd8da0, 0x0000000002dd94e8]
Event: 393.585 Thread 0x000000005953e000 2372  s    4       java.util.Vector::elementAt (48 bytes)
Event: 393.586 Thread 0x000000005953f800 2373   !   3       sun.reflect.GeneratedConstructorAccessor1::newInstance (49 bytes)
Event: 393.587 Thread 0x000000005953f800 nmethod 2373 0x0000000002c80810 code [0x0000000002c809e0, 0x0000000002c80ee8]
Event: 393.587 Thread 0x000000005953f800 2374   !   3       sun.reflect.GeneratedConstructorAccessor2::newInstance (49 bytes)
Event: 393.588 Thread 0x000000005953f800 nmethod 2374 0x0000000002c7fdd0 code [0x0000000002c7ffa0, 0x0000000002c804a8]

GC Heap History (10 events):
Event: 3.985 GC heap after
Heap after GC invocations=8 (full 0):
 PSYoungGen      total 275456K, used 38912K [0x00000000d6b00000, 0x00000000ec500000, 0x0000000100000000)
  eden space 236544K, 0% used [0x00000000d6b00000,0x00000000d6b00000,0x00000000e5200000)
  from space 38912K, 100% used [0x00000000e8500000,0x00000000eab00000,0x00000000eab00000)
  to   space 52224K, 0% used [0x00000000e5200000,0x00000000e5200000,0x00000000e8500000)
 ParOldGen       total 84992K, used 72456K [0x0000000084000000, 0x0000000089300000, 0x00000000d6b00000)
  object space 84992K, 85% used [0x0000000084000000,0x00000000886c2268,0x0000000089300000)
 Metaspace       used 10193K, capacity 10424K, committed 10496K, reserved 1058816K
  class space    used 1193K, capacity 1267K, committed 1280K, reserved 1048576K
}
Event: 3.985 GC heap before
{Heap before GC invocations=9 (full 1):
 PSYoungGen      total 275456K, used 38912K [0x00000000d6b00000, 0x00000000ec500000, 0x0000000100000000)
  eden space 236544K, 0% used [0x00000000d6b00000,0x00000000d6b00000,0x00000000e5200000)
  from space 38912K, 100% used [0x00000000e8500000,0x00000000eab00000,0x00000000eab00000)
  to   space 52224K, 0% used [0x00000000e5200000,0x00000000e5200000,0x00000000e8500000)
 ParOldGen       total 84992K, used 72456K [0x0000000084000000, 0x0000000089300000, 0x00000000d6b00000)
  object space 84992K, 85% used [0x0000000084000000,0x00000000886c2268,0x0000000089300000)
 Metaspace       used 10193K, capacity 10424K, committed 10496K, reserved 1058816K
  class space    used 1193K, capacity 1267K, committed 1280K, reserved 1048576K
Event: 4.350 GC heap after
Heap after GC invocations=9 (full 1):
 PSYoungGen      total 275456K, used 24536K [0x00000000d6b00000, 0x00000000ec500000, 0x0000000100000000)
  eden space 236544K, 0% used [0x00000000d6b00000,0x00000000d6b00000,0x00000000e5200000)
  from space 38912K, 63% used [0x00000000e8500000,0x00000000e9cf61d0,0x00000000eab00000)
  to   space 52224K, 0% used [0x00000000e5200000,0x00000000e5200000,0x00000000e8500000)
 ParOldGen       total 149504K, used 84810K [0x0000000084000000, 0x000000008d200000, 0x00000000d6b00000)
  object space 149504K, 56% used [0x0000000084000000,0x00000000892d2ae0,0x000000008d200000)
 Metaspace       used 10193K, capacity 10424K, committed 10496K, reserved 1058816K
  class space    used 1193K, capacity 1267K, committed 1280K, reserved 1048576K
}
Event: 107.232 GC heap before
{Heap before GC invocations=10 (full 1):
 PSYoungGen      total 275456K, used 261080K [0x00000000d6b00000, 0x00000000ec500000, 0x0000000100000000)
  eden space 236544K, 100% used [0x00000000d6b00000,0x00000000e5200000,0x00000000e5200000)
  from space 38912K, 63% used [0x00000000e8500000,0x00000000e9cf61d0,0x00000000eab00000)
  to   space 52224K, 0% used [0x00000000e5200000,0x00000000e5200000,0x00000000e8500000)
 ParOldGen       total 149504K, used 84810K [0x0000000084000000, 0x000000008d200000, 0x00000000d6b00000)
  object space 149504K, 56% used [0x0000000084000000,0x00000000892d2ae0,0x000000008d200000)
 Metaspace       used 10828K, capacity 11032K, committed 11392K, reserved 1058816K
  class space    used 1219K, capacity 1299K, committed 1408K, reserved 1048576K
Event: 107.324 GC heap after
Heap after GC invocations=10 (full 1):
 PSYoungGen      total 288768K, used 43312K [0x00000000d6b00000, 0x00000000f2100000, 0x0000000100000000)
  eden space 236544K, 0% used [0x00000000d6b00000,0x00000000d6b00000,0x00000000e5200000)
  from space 52224K, 82% used [0x00000000e5200000,0x00000000e7c4c020,0x00000000e8500000)
  to   space 57856K, 0% used [0x00000000ee880000,0x00000000ee880000,0x00000000f2100000)
 ParOldGen       total 149504K, used 87730K [0x0000000084000000, 0x000000008d200000, 0x00000000d6b00000)
  object space 149504K, 58% used [0x0000000084000000,0x00000000895acae0,0x000000008d200000)
 Metaspace       used 10828K, capacity 11032K, committed 11392K, reserved 1058816K
  class space    used 1219K, capacity 1299K, committed 1408K, reserved 1048576K
}
Event: 277.233 GC heap before
{Heap before GC invocations=11 (full 1):
 PSYoungGen      total 288768K, used 279856K [0x00000000d6b00000, 0x00000000f2100000, 0x0000000100000000)
  eden space 236544K, 100% used [0x00000000d6b00000,0x00000000e5200000,0x00000000e5200000)
  from space 52224K, 82% used [0x00000000e5200000,0x00000000e7c4c020,0x00000000e8500000)
  to   space 57856K, 0% used [0x00000000ee880000,0x00000000ee880000,0x00000000f2100000)
 ParOldGen       total 149504K, used 87730K [0x0000000084000000, 0x000000008d200000, 0x00000000d6b00000)
  object space 149504K, 58% used [0x0000000084000000,0x00000000895acae0,0x000000008d200000)
 Metaspace       used 10881K, capacity 11096K, committed 11392K, reserved 1058816K
  class space    used 1220K, capacity 1299K, committed 1408K, reserved 1048576K
Event: 277.346 GC heap after
Heap after GC invocations=11 (full 1):
 PSYoungGen      total 369152K, used 28832K [0x00000000d6b00000, 0x00000000f1500000, 0x0000000100000000)
  eden space 323584K, 0% used [0x00000000d6b00000,0x00000000d6b00000,0x00000000ea700000)
  from space 45568K, 63% used [0x00000000ee880000,0x00000000f04a8010,0x00000000f1500000)
  to   space 56320K, 0% used [0x00000000ea700000,0x00000000ea700000,0x00000000ede00000)
 ParOldGen       total 149504K, used 109578K [0x0000000084000000, 0x000000008d200000, 0x00000000d6b00000)
  object space 149504K, 73% used [0x0000000084000000,0x000000008ab02ae0,0x000000008d200000)
 Metaspace       used 10881K, capacity 11096K, committed 11392K, reserved 1058816K
  class space    used 1220K, capacity 1299K, committed 1408K, reserved 1048576K
}
Event: 393.588 GC heap before
{Heap before GC invocations=12 (full 1):
 PSYoungGen      total 369152K, used 352416K [0x00000000d6b00000, 0x00000000f1500000, 0x0000000100000000)
  eden space 323584K, 100% used [0x00000000d6b00000,0x00000000ea700000,0x00000000ea700000)
  from space 45568K, 63% used [0x00000000ee880000,0x00000000f04a8010,0x00000000f1500000)
  to   space 56320K, 0% used [0x00000000ea700000,0x00000000ea700000,0x00000000ede00000)
 ParOldGen       total 149504K, used 109578K [0x0000000084000000, 0x000000008d200000, 0x00000000d6b00000)
  object space 149504K, 73% used [0x0000000084000000,0x000000008ab02ae0,0x000000008d200000)
 Metaspace       used 11078K, capacity 11352K, committed 11648K, reserved 1058816K
  class space    used 1222K, capacity 1299K, committed 1408K, reserved 1048576K
Event: 393.693 GC heap after
Heap after GC invocations=12 (full 1):
 PSYoungGen      total 379904K, used 16503K [0x00000000d6b00000, 0x00000000f7800000, 0x0000000100000000)
  eden space 323584K, 0% used [0x00000000d6b00000,0x00000000d6b00000,0x00000000ea700000)
  from space 56320K, 29% used [0x00000000ea700000,0x00000000eb71dec0,0x00000000ede00000)
  to   space 54272K, 0% used [0x00000000f4300000,0x00000000f4300000,0x00000000f7800000)
 ParOldGen       total 149504K, used 125116K [0x0000000084000000, 0x000000008d200000, 0x00000000d6b00000)
  object space 149504K, 83% used [0x0000000084000000,0x000000008ba2f3f0,0x000000008d200000)
 Metaspace       used 11078K, capacity 11352K, committed 11648K, reserved 1058816K
  class space    used 1222K, capacity 1299K, committed 1408K, reserved 1048576K
}
Event: 393.693 GC heap before
{Heap before GC invocations=13 (full 2):
 PSYoungGen      total 379904K, used 16503K [0x00000000d6b00000, 0x00000000f7800000, 0x0000000100000000)
  eden space 323584K, 0% used [0x00000000d6b00000,0x00000000d6b00000,0x00000000ea700000)
  from space 56320K, 29% used [0x00000000ea700000,0x00000000eb71dec0,0x00000000ede00000)
  to   space 54272K, 0% used [0x00000000f4300000,0x00000000f4300000,0x00000000f7800000)
 ParOldGen       total 149504K, used 125116K [0x0000000084000000, 0x000000008d200000, 0x00000000d6b00000)
  object space 149504K, 83% used [0x0000000084000000,0x000000008ba2f3f0,0x000000008d200000)
 Metaspace       used 11078K, capacity 11352K, committed 11648K, reserved 1058816K
  class space    used 1222K, capacity 1299K, committed 1408K, reserved 1048576K

Deoptimization events (10 events):
Event: 339.079 Thread 0x000000000229f800 Uncommon trap: reason=class_check action=maybe_recompile pc=0x0000000002f8734c method=blockoid.states.playstate.world.items.InventorySlot.draw(Ljava/awt/Graphics2D;)V @ 37
Event: 339.096 Thread 0x000000000229f800 Uncommon trap: reason=class_check action=maybe_recompile pc=0x0000000002f8734c method=blockoid.states.playstate.world.items.InventorySlot.draw(Ljava/awt/Graphics2D;)V @ 37
Event: 339.113 Thread 0x000000000229f800 Uncommon trap: reason=class_check action=maybe_recompile pc=0x0000000002eac6e0 method=blockoid.states.playstate.world.items.InventorySlot.draw(Ljava/awt/Graphics2D;)V @ 37
Event: 347.110 Thread 0x000000000229f800 Uncommon trap: reason=unstable_if action=reinterpret pc=0x0000000002e80ce0 method=blockoid.states.playstate.world.tiles.Tile.getLight(Lblockoid/states/playstate/world/World;)V @ 8
Event: 353.478 Thread 0x000000000229f800 Uncommon trap: reason=class_check action=maybe_recompile pc=0x0000000002ca22a4 method=blockoid.states.playstate.world.characters.Player.act(Lblockoid/Game;Lblockoid/states/playstate/world/World;)V @ 398
Event: 353.494 Thread 0x000000000229f800 Uncommon trap: reason=class_check action=maybe_recompile pc=0x0000000002ca22a4 method=blockoid.states.playstate.world.characters.Player.act(Lblockoid/Game;Lblockoid/states/playstate/world/World;)V @ 398
Event: 353.511 Thread 0x000000000229f800 Uncommon trap: reason=class_check action=maybe_recompile pc=0x0000000002ca22a4 method=blockoid.states.playstate.world.characters.Player.act(Lblockoid/Game;Lblockoid/states/playstate/world/World;)V @ 398
Event: 353.528 Thread 0x000000000229f800 Uncommon trap: reason=class_check action=maybe_recompile pc=0x0000000002ca22a4 method=blockoid.states.playstate.world.characters.Player.act(Lblockoid/Game;Lblockoid/states/playstate/world/World;)V @ 398
Event: 354.711 Thread 0x000000000229f800 Uncommon trap: reason=speculate_class_check action=maybe_recompile pc=0x0000000002a16d84 method=java.lang.Object.equals(Ljava/lang/Object;)Z @ 2
Event: 355.277 Thread 0x000000000229f800 Uncommon trap: reason=speculate_class_check action=maybe_recompile pc=0x0000000002a16d84 method=java.lang.Object.equals(Ljava/lang/Object;)Z @ 2

Internal exceptions (10 events):
Event: 0.231 Thread 0x000000000229f800 Exception <a 'java/lang/NoSuchFieldError': method resolution failed> (0x00000000d6e66630) thrown at [D:\re\workspace\8-2-build-windows-amd64-cygwin\jdk8u40\3098\hotspot\src\share\vm\prims\methodHandles.cpp, line 1125]
Event: 0.356 Thread 0x000000000229f800 Implicit null exception at 0x0000000002a77255 to 0x0000000002a774a9
Event: 3.346 Thread 0x000000000229f800 Implicit null exception at 0x0000000002c6720b to 0x0000000002c686a1
Event: 3.355 Thread 0x000000000229f800 Implicit null exception at 0x0000000002c818db to 0x0000000002c82749
Event: 3.356 Thread 0x000000000229f800 Implicit null exception at 0x0000000002c8801d to 0x0000000002c880d1
Event: 5.052 Thread 0x00000000598fc800 Implicit null exception at 0x0000000002cb0b8a to 0x0000000002cb1301
Event: 5.053 Thread 0x00000000598fc800 Implicit null exception at 0x0000000002c57c6c to 0x0000000002c57d7d
Event: 107.391 Thread 0x0000000059903800 Implicit null exception at 0x0000000002fe038c to 0x0000000002fe0601
Event: 107.391 Thread 0x0000000059903800 Implicit null exception at 0x0000000002ad1e6e to 0x0000000002ad2115
Event: 277.346 Thread 0x000000000229f800 Implicit null exception at 0x0000000002ff71f5 to 0x0000000002ff95e5

Events (10 events):
Event: 388.453 Thread 0x0000000063f58800 Thread added: 0x0000000063f58800
Event: 388.868 Thread 0x0000000063f5f000 Thread exited: 0x0000000063f5f000
Event: 389.953 Thread 0x0000000063f5f000 Thread added: 0x0000000063f5f000
Event: 390.123 Thread 0x0000000063f5d800 Thread exited: 0x0000000063f5d800
Event: 391.203 Thread 0x0000000063f5d800 Thread added: 0x0000000063f5d800
Event: 391.366 Thread 0x0000000063f5a000 Thread exited: 0x0000000063f5a000
Event: 392.619 Thread 0x0000000063f5b800 Thread exited: 0x0000000063f5b800
Event: 392.953 Thread 0x0000000063f5b800 Thread added: 0x0000000063f5b800
Event: 393.587 Thread 0x0000000063f5a000 Thread added: 0x0000000063f5a000
Event: 393.588 Executing VM operation: ParallelGCFailedAllocation


Dynamic libraries:
0x000000013f7c0000 - 0x000000013f7f7000 	C:\Program Files\Java\jre1.8.0_40\bin\javaw.exe
0x00000000773e0000 - 0x0000000077589000 	C:\Windows\SYSTEM32\ntdll.dll
0x00000000771c0000 - 0x00000000772df000 	C:\Windows\system32\kernel32.dll
0x000007fefd1f0000 - 0x000007fefd25c000 	C:\Windows\system32\KERNELBASE.dll
0x000007fefdc00000 - 0x000007fefdcdb000 	C:\Windows\system32\ADVAPI32.dll
0x000007fefdd00000 - 0x000007fefdd9f000 	C:\Windows\system32\msvcrt.dll
0x000007fefdbe0000 - 0x000007fefdbff000 	C:\Windows\SYSTEM32\sechost.dll
0x000007fefd5e0000 - 0x000007fefd70d000 	C:\Windows\system32\RPCRT4.dll
0x00000000772e0000 - 0x00000000773da000 	C:\Windows\system32\USER32.dll
0x000007fefd710000 - 0x000007fefd777000 	C:\Windows\system32\GDI32.dll
0x000007fefddb0000 - 0x000007fefddbe000 	C:\Windows\system32\LPK.dll
0x000007feff490000 - 0x000007feff559000 	C:\Windows\system32\USP10.dll
0x000007fefbaf0000 - 0x000007fefbce4000 	C:\Windows\WinSxS\amd64_microsoft.windows.common-controls_6595b64144ccf1df_6.0.7601.18807_none_fa381d5f175bfb52\COMCTL32.dll
0x000007fefde60000 - 0x000007fefded1000 	C:\Windows\system32\SHLWAPI.dll
0x000007fefd560000 - 0x000007fefd58e000 	C:\Windows\system32\IMM32.DLL
0x000007fefd800000 - 0x000007fefd909000 	C:\Windows\system32\MSCTF.dll
0x000000006dcd0000 - 0x000000006dda2000 	C:\Program Files\Java\jre1.8.0_40\bin\msvcr100.dll
0x0000000056f70000 - 0x00000000577f3000 	C:\Program Files\Java\jre1.8.0_40\bin\server\jvm.dll
0x000007fef8ee0000 - 0x000007fef8ee9000 	C:\Windows\system32\WSOCK32.dll
0x000007fefd590000 - 0x000007fefd5dd000 	C:\Windows\system32\WS2_32.dll
0x000007fefdda0000 - 0x000007fefdda8000 	C:\Windows\system32\NSI.dll
0x000007fef84d0000 - 0x000007fef850b000 	C:\Windows\system32\WINMM.dll
0x000007fefc290000 - 0x000007fefc29c000 	C:\Windows\system32\VERSION.dll
0x00000000775a0000 - 0x00000000775a7000 	C:\Windows\system32\PSAPI.DLL
0x000000006f900000 - 0x000000006f90f000 	C:\Program Files\Java\jre1.8.0_40\bin\verify.dll
0x000000006f870000 - 0x000000006f899000 	C:\Program Files\Java\jre1.8.0_40\bin\java.dll
0x000000006d650000 - 0x000000006d685000 	C:\Program Files\Java\jre1.8.0_40\bin\jdwp.dll
0x000000006f710000 - 0x000000006f718000 	C:\Program Files\Java\jre1.8.0_40\bin\npt.dll
0x000000006f8b0000 - 0x000000006f8c6000 	C:\Program Files\Java\jre1.8.0_40\bin\zip.dll
0x000007fefdf80000 - 0x000007fefed09000 	C:\Windows\system32\SHELL32.dll
0x000007feff140000 - 0x000007feff343000 	C:\Windows\system32\ole32.dll
0x000007fefd1b0000 - 0x000007fefd1bf000 	C:\Windows\system32\profapi.dll
0x000000006f720000 - 0x000000006f729000 	C:\Program Files\Java\jre1.8.0_40\bin\dt_socket.dll
0x000007fefa840000 - 0x000007fefa855000 	C:\Windows\system32\NLAapi.dll
0x000007fef3e10000 - 0x000007fef3e25000 	C:\Windows\system32\napinsp.dll
0x000007fef3df0000 - 0x000007fef3e09000 	C:\Windows\system32\pnrpnsp.dll
0x0000000073880000 - 0x00000000738a6000 	C:\Program Files\Bonjour\mdnsNSP.dll
0x000007fefa670000 - 0x000007fefa697000 	C:\Windows\system32\Iphlpapi.DLL
0x000007fefa650000 - 0x000007fefa65b000 	C:\Windows\system32\WINNSI.DLL
0x000007fefc940000 - 0x000007fefc995000 	C:\Windows\System32\mswsock.dll
0x000007fefc7c0000 - 0x000007fefc81b000 	C:\Windows\system32\DNSAPI.dll
0x000007fef3de0000 - 0x000007fef3deb000 	C:\Windows\System32\winrnr.dll
0x000007fefa4e0000 - 0x000007fefa533000 	C:\Windows\System32\fwpuclnt.dll
0x000007fef8c30000 - 0x000007fef8c38000 	C:\Windows\system32\rasadhlp.dll
0x000007fefc360000 - 0x000007fefc367000 	C:\Windows\System32\wshtcpip.dll
0x000000005a900000 - 0x000000005aa98000 	C:\Program Files\Java\jre1.8.0_40\bin\awt.dll
0x000007feff350000 - 0x000007feff427000 	C:\Windows\system32\OLEAUT32.dll
0x000007fefb4b0000 - 0x000007fefb4c8000 	C:\Windows\system32\DWMAPI.DLL
0x000007fefb8e0000 - 0x000007fefb936000 	C:\Windows\system32\uxtheme.dll
0x000007fefd000000 - 0x000007fefd00f000 	C:\Windows\system32\CRYPTBASE.dll
0x000007feeb460000 - 0x000007feeb65f000 	C:\Windows\system32\d3d9.dll
0x000007fef9c40000 - 0x000007fef9c47000 	C:\Windows\system32\d3d8thk.dll
0x000000006fe00000 - 0x000000006feb4000 	C:\Windows\system32\aticfx64.dll
0x000007fef9c20000 - 0x000007fef9c2d000 	C:\Windows\system32\atiu9p64.dll
0x000000005bb90000 - 0x000000005c0a8000 	C:\Windows\system32\atiumd64.dll
0x000000005c0b0000 - 0x000000005c3dc000 	C:\Windows\system32\atiumd6a.dll
0x0000000068190000 - 0x00000000681d7000 	C:\Program Files\Java\jre1.8.0_40\bin\fontmanager.dll
0x000007fefddc0000 - 0x000007fefde59000 	C:\Windows\system32\CLBCatQ.DLL
0x000000006f730000 - 0x000000006f74a000 	C:\Program Files\Java\jre1.8.0_40\bin\net.dll
0x000007fefc930000 - 0x000007fefc937000 	C:\Windows\System32\wship6.dll
0x000000006f6f0000 - 0x000000006f701000 	C:\Program Files\Java\jre1.8.0_40\bin\nio.dll
0x000000006d8c0000 - 0x000000006d901000 	C:\Program Files\Java\jre1.8.0_40\bin\t2k.dll
0x000000006e4b0000 - 0x000000006e4bc000 	C:\Program Files\Java\jre1.8.0_40\bin\jsound.dll
0x000000006e4a0000 - 0x000000006e4ab000 	C:\Program Files\Java\jre1.8.0_40\bin\jsoundds.dll
0x000007fef0b40000 - 0x000007fef0bc8000 	C:\Windows\system32\DSOUND.dll
0x000007fefaed0000 - 0x000007fefaefc000 	C:\Windows\system32\POWRPROF.dll
0x000007fefed10000 - 0x000007fefeee7000 	C:\Windows\system32\SETUPAPI.dll
0x000007fefd270000 - 0x000007fefd2a6000 	C:\Windows\system32\CFGMGR32.dll
0x000007fefd1c0000 - 0x000007fefd1da000 	C:\Windows\system32\DEVOBJ.dll
0x000007fefb4d0000 - 0x000007fefb51b000 	C:\Windows\system32\MMDevAPI.DLL
0x000007fefb940000 - 0x000007fefba6c000 	C:\Windows\system32\PROPSYS.dll
0x000007fefafa0000 - 0x000007fefafdb000 	C:\Windows\system32\wdmaud.drv
0x0000000074a70000 - 0x0000000074a76000 	C:\Windows\system32\ksuser.dll
0x000007fefaa90000 - 0x000007fefaa99000 	C:\Windows\system32\AVRT.dll
0x000007fef3a00000 - 0x000007fef3a4f000 	C:\Windows\system32\AUDIOSES.DLL
0x000007fefb130000 - 0x000007fefb13a000 	C:\Windows\system32\msacm32.drv
0x000007fefafe0000 - 0x000007fefaff8000 	C:\Windows\system32\MSACM32.dll
0x000007fefb040000 - 0x000007fefb049000 	C:\Windows\system32\midimap.dll
0x000007fee8ee0000 - 0x000007fee9005000 	C:\Windows\system32\dbghelp.dll

VM Arguments:
jvm_args: -agentlib:jdwp=transport=dt_socket,suspend=y,address=localhost:55835 -Dfile.encoding=Cp1252 
java_command: blockoid.Game
java_class_path (initial): C:\Users\owner\git\new\blockoid\Blockoid\bin
Launcher Type: SUN_STANDARD

Environment Variables:
PATH=C:\ProgramData\Oracle\Java\javapath;C:\Program Files (x86)\ATI Stream\bin\x86_64;C:\Program Files (x86)\ATI Stream\bin\x86;C:\Windows\system32;C:\Windows;C:\Windows\System32\Wbem;C:\Windows\System32\WindowsPowerShell\v1.0\;C:\Program Files (x86)\ATI Technologies\ATI.ACE\Core-Static;C:\Program Files (x86)\Common Files\Roxio Shared\DLLShared\;C:\Program Files (x86)\Common Files\Roxio Shared\10.0\DLLShared\;C:\Program Files\TortoiseSVN\bin;C:\Program Files (x86)\Skype\Phone\
USERNAME=owner
OS=Windows_NT
PROCESSOR_IDENTIFIER=AMD64 Family 16 Model 4 Stepping 2, AuthenticAMD



---------------  S Y S T E M  ---------------

OS: Windows 7 , 64 bit Build 7601 (6.1.7601.18839)

CPU:total 4 (4 cores per cpu, 1 threads per core) family 16 model 4 stepping 2, cmov, cx8, fxsr, mmx, sse, sse2, sse3, popcnt, mmxext, 3dnowpref, lzcnt, sse4a, tsc, tscinvbit, tscinv

Memory: 4k page, physical 8125624k(2109712k free), swap 16249412k(8879092k free)

vm_info: Java HotSpot(TM) 64-Bit Server VM (25.40-b25) for windows-amd64 JRE (1.8.0_40-b26), built on Mar  7 2015 13:51:59 by "java_re" with MS VC++ 10.0 (VS2010)

time: Fri May 22 17:01:20 2015
elapsed time: 393 seconds (0d 0h 6m 33s)

